<?xml version="1.0" encoding="UTF-8"?>
<testsuite name="ru.stqa.train.addressbook.tests.GroupDeletionTests" tests="1" skipped="0" failures="0" errors="0" timestamp="2018-06-11T17:05:58" hostname="saymonPC" time="0.242">
  <properties/>
  <testcase name="testGroupDeletion1" classname="ru.stqa.train.addressbook.tests.GroupDeletionTests" time="0.242"/>
  <system-out><![CDATA[]]></system-out>
  <system-err><![CDATA[]]></system-err>
</testsuite>
