<?xml version="1.0" encoding="UTF-8"?>
<testsuite name="ru.stqa.train.addressbook.tests.GroupCreationTests" tests="2" skipped="0" failures="0" errors="0" timestamp="2018-06-18T20:13:23" hostname="saymonPC" time="1.882">
  <properties/>
  <testcase name="testGroupCreation4[0](GroupData{id=2147483647, name='group name 2', header='group header 2', footer='group footer 2'})" classname="ru.stqa.train.addressbook.tests.GroupCreationTests" time="1.053"/>
  <testcase name="testGroupCreation4[1](GroupData{id=2147483647, name='group name 3', header='group header 3', footer='group footer 3'})" classname="ru.stqa.train.addressbook.tests.GroupCreationTests" time="0.828"/>
  <system-out><![CDATA[Hibernate: select groupdata0_.group_id as group_id1_1_, groupdata0_.group_footer as group_fo2_1_, groupdata0_.group_header as group_he3_1_, groupdata0_.group_name as group_na4_1_ from group_list groupdata0_
Hibernate: select groupdata0_.group_id as group_id1_1_, groupdata0_.group_footer as group_fo2_1_, groupdata0_.group_header as group_he3_1_, groupdata0_.group_name as group_na4_1_ from group_list groupdata0_
Hibernate: select groupdata0_.group_id as group_id1_1_, groupdata0_.group_footer as group_fo2_1_, groupdata0_.group_header as group_he3_1_, groupdata0_.group_name as group_na4_1_ from group_list groupdata0_
Hibernate: select groupdata0_.group_id as group_id1_1_, groupdata0_.group_footer as group_fo2_1_, groupdata0_.group_header as group_he3_1_, groupdata0_.group_name as group_na4_1_ from group_list groupdata0_
]]></system-out>
  <system-err><![CDATA[]]></system-err>
</testsuite>
