<?xml version="1.0" encoding="UTF-8"?>
<testsuite name="ru.stqa.train.addressbook.tests.GroupDeletionTestsAll" tests="1" skipped="0" failures="0" errors="0" timestamp="2018-06-11T16:15:31" hostname="saymonPC" time="0.228">
  <properties/>
  <testcase name="testGroupDeletionAll" classname="ru.stqa.train.addressbook.tests.GroupDeletionTestsAll" time="0.228"/>
  <system-out><![CDATA[]]></system-out>
  <system-err><![CDATA[]]></system-err>
</testsuite>
