<?xml version="1.0" encoding="UTF-8"?>
<testsuite name="ru.stqa.train.addressbook.tests.ContactDeletionTests" tests="1" skipped="0" failures="0" errors="0" timestamp="2018-06-11T17:05:12" hostname="saymonPC" time="0.674">
  <properties/>
  <testcase name="testDeletionContact" classname="ru.stqa.train.addressbook.tests.ContactDeletionTests" time="0.674"/>
  <system-out><![CDATA[]]></system-out>
  <system-err><![CDATA[]]></system-err>
</testsuite>
