<?xml version="1.0" encoding="UTF-8"?>
<testsuite name="ru.stqa.train.addressbook.tests.ContactCreationTestsFileAttachedCheck" tests="1" skipped="0" failures="0" errors="0" timestamp="2018-06-11T17:06:16" hostname="saymonPC" time="1.757">
  <properties/>
  <testcase name="testContactCreationFileAttachedCheck" classname="ru.stqa.train.addressbook.tests.ContactCreationTestsFileAttachedCheck" time="1.757"/>
  <system-out><![CDATA[]]></system-out>
  <system-err><![CDATA[]]></system-err>
</testsuite>
